<?xml version="1.0" encoding="UTF-8"?>
<!-- Generated by org.testng.reporters.JUnitReportReporter -->
<testsuite hostname="DESKTOP-HBGLQ0J" failures="0" tests="2" name="testRunner.TestRunner" time="107.969" errors="0" timestamp="2024-07-31T00:14:26 IST" skipped="0">
  <testcase classname="testRunner.TestRunner" name="runScenario" time="35.838"/>
  <system-out/>
  <testcase classname="testRunner.TestRunner" name="runScenario" time="72.131"/>
  <system-out/>
</testsuite> <!-- testRunner.TestRunner -->
